<?xml version="1.0" encoding="UTF-8"?>
<!-- Generated by org.testng.reporters.JUnitReportReporter -->
<testsuite hostname="Aarush-PC" name="testCases.Framework_044" tests="1" failures="0" timestamp="30 May 2016 06:11:25 GMT" time="29.974" errors="0">
  <testcase name="main" time="29.974" classname="testCases.Framework_044"/>
</testsuite> <!-- testCases.Framework_044 -->
