<?xml version="1.0" encoding="UTF-8"?>
<!-- Generated by org.testng.reporters.JUnitReportReporter -->
<testsuite hostname="Aarush-PC" name="testCases.Framework_026" tests="1" failures="0" timestamp="30 May 2016 06:11:25 GMT" time="44.746" errors="0">
  <testcase name="main" time="44.746" classname="testCases.Framework_026"/>
</testsuite> <!-- testCases.Framework_026 -->
