<?xml version="1.0" encoding="UTF-8"?>
<!-- Generated by org.testng.reporters.JUnitReportReporter -->
<testsuite hostname="Aarush-PC" name="testCases.Framework_025" tests="1" failures="0" timestamp="29 May 2016 18:12:48 GMT" time="30.295" errors="0">
  <testcase name="main" time="30.295" classname="testCases.Framework_025"/>
</testsuite> <!-- testCases.Framework_025 -->
