<?xml version="1.0" encoding="UTF-8"?>
<!-- Generated by org.testng.reporters.JUnitReportReporter -->
<testsuite hostname="Aarush-PC" name="testCases.Framework_001" tests="1" failures="0" timestamp="29 May 2016 18:12:48 GMT" time="35.294" errors="0">
  <testcase name="main" time="35.294" classname="testCases.Framework_001"/>
</testsuite> <!-- testCases.Framework_001 -->
