<?xml version="1.0" encoding="UTF-8"?>
<!-- Generated by org.testng.reporters.JUnitReportReporter -->
<testsuite hostname="Aarush-PC" name="testCases.Framework_021" tests="1" failures="0" timestamp="29 May 2016 18:12:49 GMT" time="31.081" errors="0">
  <testcase name="main" time="31.081" classname="testCases.Framework_021"/>
</testsuite> <!-- testCases.Framework_021 -->
