<?xml version="1.0" encoding="UTF-8"?>
<!-- Generated by org.testng.reporters.JUnitReportReporter -->
<testsuite hostname="Aarush-PC" name="testCases.Framework_037" tests="1" failures="0" timestamp="30 May 2016 06:11:25 GMT" time="33.878" errors="0">
  <testcase name="main" time="33.878" classname="testCases.Framework_037"/>
</testsuite> <!-- testCases.Framework_037 -->
