<?xml version="1.0" encoding="UTF-8"?>
<!-- Generated by org.testng.reporters.JUnitReportReporter -->
<testsuite hostname="Aarush-PC" name="testCases.Framework_032" tests="1" failures="0" timestamp="30 May 2016 06:11:25 GMT" time="34.224" errors="0">
  <testcase name="main" time="34.224" classname="testCases.Framework_032"/>
</testsuite> <!-- testCases.Framework_032 -->
