<?xml version="1.0" encoding="UTF-8"?>
<!-- Generated by org.testng.reporters.JUnitReportReporter -->
<testsuite hostname="Aarush-PC" name="testCases.Framework_050" tests="1" failures="0" timestamp="23 May 2016 16:44:13 GMT" time="39.000" errors="0">
  <testcase name="main" time="39.000" classname="testCases.Framework_050"/>
</testsuite> <!-- testCases.Framework_050 -->
