<?xml version="1.0" encoding="UTF-8"?>
<!-- Generated by org.testng.reporters.JUnitReportReporter -->
<testsuite hostname="Aarush-PC" name="testCases.Framework_045" tests="1" failures="0" timestamp="30 May 2016 06:11:25 GMT" time="30.707" errors="0">
  <testcase name="main" time="30.707" classname="testCases.Framework_045"/>
</testsuite> <!-- testCases.Framework_045 -->
