<?xml version="1.0" encoding="UTF-8"?>
<!-- Generated by org.testng.reporters.JUnitReportReporter -->
<testsuite hostname="Aarush-PC" name="testCases.Framework_011" tests="1" failures="0" timestamp="29 May 2016 18:12:48 GMT" time="33.248" errors="0">
  <testcase name="main" time="33.248" classname="testCases.Framework_011"/>
</testsuite> <!-- testCases.Framework_011 -->
