<?xml version="1.0" encoding="UTF-8"?>
<!-- Generated by org.testng.reporters.JUnitReportReporter -->
<testsuite hostname="Aarush-PC" name="testCases.Framework_016" tests="1" failures="0" timestamp="29 May 2016 18:12:48 GMT" time="170.013" errors="0">
  <testcase name="main" time="170.013" classname="testCases.Framework_016"/>
</testsuite> <!-- testCases.Framework_016 -->
