<?xml version="1.0" encoding="UTF-8"?>
<!-- Generated by org.testng.reporters.JUnitReportReporter -->
<testsuite hostname="Aarush-PC" name="testCases.Framework_039" tests="1" failures="0" timestamp="6 Jun 2016 06:02:45 GMT" time="35.822" errors="0">
  <testcase name="main" time="35.822" classname="testCases.Framework_039"/>
</testsuite> <!-- testCases.Framework_039 -->
